<?xml version="1.0" encoding="UTF-8"?>
<testng-results ignored="0" total="1" passed="1" failed="0" skipped="0">
  <reporter-output>
    <line>
      <![CDATA[The Ticket1686156323209]]>
    </line>
  </reporter-output>
  <suite started-at="2023-06-07T22:15:14 IST" name="Default suite" finished-at="2023-06-07T22:15:24 IST" duration-ms="10385">
    <groups>
    </groups>
    <test started-at="2023-06-07T22:15:14 IST" name="Default test" finished-at="2023-06-07T22:15:24 IST" duration-ms="10385">
      <class name="com.blazedemo.testscript.PurchaseTicket">
        <test-method is-config="true" signature="openBrowser()[pri:0, instance:com.blazedemo.testscript.PurchaseTicket@654f0d9c]" started-at="2023-06-07T22:15:14 IST" name="openBrowser" finished-at="2023-06-07T22:15:22 IST" duration-ms="7448" status="PASS">
          <reporter-output>
          </reporter-output>
        </test-method> <!-- openBrowser -->
        <test-method signature="purchaseFlightTicket()[pri:0, instance:com.blazedemo.testscript.PurchaseTicket@654f0d9c]" started-at="2023-06-07T22:15:22 IST" name="purchaseFlightTicket" finished-at="2023-06-07T22:15:24 IST" duration-ms="2587" status="PASS">
          <reporter-output>
            <line>
              <![CDATA[The Ticket1686156323209]]>
            </line>
          </reporter-output>
        </test-method> <!-- purchaseFlightTicket -->
        <test-method is-config="true" signature="closeBrowser()[pri:0, instance:com.blazedemo.testscript.PurchaseTicket@654f0d9c]" started-at="2023-06-07T22:15:24 IST" name="closeBrowser" finished-at="2023-06-07T22:15:24 IST" duration-ms="282" status="PASS">
          <reporter-output>
          </reporter-output>
        </test-method> <!-- closeBrowser -->
      </class> <!-- com.blazedemo.testscript.PurchaseTicket -->
    </test> <!-- Default test -->
  </suite> <!-- Default suite -->
</testng-results>
